<?xml version="1.0" encoding="UTF-8"?>
<!-- Generated by org.testng.reporters.JUnitReportReporter -->
<testsuite hostname="MBP-de-Ivan.home" name="com.ivanqueiroz.devtools.devtools.js.JsInteractionTest" tests="1" failures="0" timestamp="7 May 2015 03:15:48 GMT" time="0.894" errors="0">
  <testcase name="testCallbackFromJavaScript" time="0.894" classname="com.ivanqueiroz.devtools.devtools.js.JsInteractionTest"/>
</testsuite> <!-- com.ivanqueiroz.devtools.devtools.js.JsInteractionTest -->
