<?xml version="1.0" encoding="UTF-8"?>
<!-- Generated by org.testng.reporters.JUnitReportReporter -->
<testsuite hostname="MBP-de-Ivan.home" name="com.ivanqueiroz.devtools.devtools.DataModelTest" tests="1" failures="0" timestamp="7 May 2015 03:15:49 GMT" time="0.042" errors="0">
  <testcase name="areHelloWorldTwoWords" time="0.042" classname="com.ivanqueiroz.devtools.devtools.DataModelTest"/>
</testsuite> <!-- com.ivanqueiroz.devtools.devtools.DataModelTest -->
